[07:27:19] [main/INFO]: Loading Minecraft 1.21.9 with Fabric Loader 0.17.2
[07:27:19] [main/INFO]: Fabric is preparing JARs on first launch, this may take a few seconds...
[07:27:19] [main/INFO]: Loading 4 mods:
	- fabricloader 0.17.2
	   \-- mixinextras 0.5.0
	- java 21
	- minecraft 1.21.9
[07:27:19] [main/INFO]: SpongePowered MIXIN Subsystem Version=0.8.7 Source=file:/workspaces/mcservr/servidor_minecraft/libraries/net/fabricmc/sponge-mixin/0.16.3+mixin.0.8.7/sponge-mixin-0.16.3+mixin.0.8.7.jar Service=Knot/Fabric Env=SERVER
[07:27:29] [main/INFO]: Environment: Environment[sessionHost=https://sessionserver.mojang.com, servicesHost=https://api.minecraftservices.com, profilesHost=https://api.mojang.com, name=PROD]
[07:27:30] [main/INFO]: No existing world data, creating new world
[07:27:31] [main/INFO]: Loaded 1461 recipes
[07:27:31] [main/INFO]: Loaded 1574 advancements
[07:27:31] [Server thread/INFO]: Starting minecraft server version 1.21.9
[07:27:31] [Server thread/INFO]: Loading properties
[07:27:31] [Server thread/INFO]: Default game type: SURVIVAL
[07:27:31] [Server thread/INFO]: Generating keypair
[07:27:32] [Server thread/INFO]: Starting Minecraft server on *:25565
[07:27:32] [Server thread/INFO]: Using epoll channel type
[07:27:32] [Server thread/WARN]: **** SERVER IS RUNNING IN OFFLINE/INSECURE MODE!
[07:27:32] [Server thread/WARN]: The server will make no attempt to authenticate usernames. Beware.
[07:27:32] [Server thread/WARN]: While this makes the game possible to play without internet access, it also opens up the ability for hackers to connect with any username they choose.
[07:27:32] [Server thread/WARN]: To change this, set "online-mode" to "true" in the server.properties file.
[07:27:32] [Server thread/INFO]: Preparing level "world"
[07:27:32] [Server thread/INFO]: Selecting global world spawn...
[07:27:43] [Server thread/INFO]: Loading 0 persistent chunks...
[07:27:43] [Server thread/INFO]: Preparing spawn area: 100%
[07:27:43] [Server thread/INFO]: Time elapsed: 10785 ms
[07:27:43] [Server thread/INFO]: Done (11.288s)! For help, type "help"
[07:28:43] [Server thread/INFO]: Server empty for 60 seconds, pausing
[07:31:30] [Server thread/INFO]: Unknown or incomplete command. See below for error
[07:31:30] [Server thread/INFO]: <--[HERE]
[07:31:33] [Server thread/INFO]: Unknown or incomplete command. See below for error
[07:31:33] [Server thread/INFO]: <--[HERE]
[07:32:19] [Server thread/INFO]: Stopping the server
[07:32:19] [Server thread/INFO]: Stopping server
[07:32:19] [Server thread/INFO]: Saving players
[07:32:19] [Server thread/INFO]: Saving worlds
[07:32:19] [Server thread/INFO]: Saving chunks for level 'ServerLevel[world]'/minecraft:overworld
[07:32:19] [Server thread/INFO]: Saving chunks for level 'ServerLevel[world]'/minecraft:the_end
[07:32:19] [Server thread/INFO]: Saving chunks for level 'ServerLevel[world]'/minecraft:the_nether
[07:32:19] [Server thread/INFO]: ThreadedAnvilChunkStorage (world): All chunks are saved
[07:32:19] [Server thread/INFO]: ThreadedAnvilChunkStorage (DIM1): All chunks are saved
[07:32:19] [Server thread/INFO]: ThreadedAnvilChunkStorage (DIM-1): All chunks are saved
[07:32:19] [Server thread/INFO]: ThreadedAnvilChunkStorage: All dimensions are saved
